TN:
SF:jest.config.js
FNF:0
FNH:0
DA:1,0
LF:1
LH:0
BRF:0
BRH:0
end_of_record
TN:
SF:components/cart/Cart.js
FN:11,(anonymous_0)
FN:13,(anonymous_1)
FN:14,(anonymous_2)
FN:18,(anonymous_3)
FN:21,(anonymous_4)
FN:40,(anonymous_5)
FN:44,(anonymous_6)
FNF:7
FNH:0
FNDA:0,(anonymous_0)
FNDA:0,(anonymous_1)
FNDA:0,(anonymous_2)
FNDA:0,(anonymous_3)
FNDA:0,(anonymous_4)
FNDA:0,(anonymous_5)
FNDA:0,(anonymous_6)
DA:11,0
DA:12,0
DA:13,0
DA:15,0
DA:19,0
DA:22,0
DA:41,0
DA:45,0
LF:8
LH:0
BRDA:39,0,0,0
BRDA:39,0,1,0
BRF:2
BRH:0
end_of_record
TN:
SF:components/cart/CartItem.js
FN:1,(anonymous_0)
FN:20,(anonymous_1)
FNF:2
FNH:0
FNDA:0,(anonymous_0)
FNDA:0,(anonymous_1)
DA:1,0
DA:2,0
DA:21,0
LF:3
LH:0
BRF:0
BRH:0
end_of_record
TN:
SF:components/category/Categories.js
FN:2,(anonymous_0)
FN:7,(anonymous_1)
FNF:2
FNH:0
FNDA:0,(anonymous_0)
FNDA:0,(anonymous_1)
DA:2,0
DA:3,0
DA:8,0
DA:9,0
LF:4
LH:0
BRF:0
BRH:0
end_of_record
TN:
SF:components/category/Category.js
FN:3,(anonymous_0)
FNF:1
FNH:0
FNDA:0,(anonymous_0)
DA:3,0
DA:4,0
LF:2
LH:0
BRF:0
BRH:0
end_of_record
TN:
SF:components/checkout/BillingAddress.js
FN:1,(anonymous_0)
FNF:1
FNH:0
FNDA:0,(anonymous_0)
DA:1,0
DA:2,0
LF:2
LH:0
BRF:0
BRH:0
end_of_record
TN:
SF:components/checkout/CheckOut.js
FN:4,(anonymous_0)
FNF:1
FNH:0
FNDA:0,(anonymous_0)
DA:4,0
DA:5,0
LF:2
LH:0
BRF:0
BRH:0
end_of_record
TN:
SF:components/checkout/OrderSummary.js
FN:5,(anonymous_0)
FN:8,(anonymous_1)
FN:15,(anonymous_2)
FNF:3
FNH:0
FNDA:0,(anonymous_0)
FNDA:0,(anonymous_1)
FNDA:0,(anonymous_2)
DA:6,0
DA:9,0
DA:16,0
LF:3
LH:0
BRDA:14,0,0,0
BRDA:14,0,1,0
BRF:2
BRH:0
end_of_record
TN:
SF:components/product-detail/Product.js
FN:12,(anonymous_0)
FN:14,(anonymous_1)
FN:60,(anonymous_2)
FN:75,(anonymous_3)
FNF:4
FNH:3
FNDA:3,(anonymous_0)
FNDA:0,(anonymous_1)
FNDA:1,(anonymous_2)
FNDA:1,(anonymous_3)
DA:4,1
DA:12,1
DA:13,3
DA:14,3
DA:15,0
DA:17,3
DA:24,3
DA:61,1
DA:76,1
LF:9
LH:8
BRDA:41,0,0,1
BRDA:41,0,1,2
BRF:2
BRH:2
end_of_record
TN:
SF:components/product-list/Pagination.js
FN:6,(anonymous_0)
FNF:1
FNH:1
FNDA:5,(anonymous_0)
DA:6,3
DA:7,5
DA:10,5
DA:12,5
DA:14,5
DA:15,5
DA:16,5
DA:17,5
DA:18,5
DA:47,3
LF:10
LH:10
BRDA:12,0,0,0
BRDA:12,0,1,5
BRDA:15,1,0,0
BRDA:15,1,1,5
BRDA:22,2,0,2
BRDA:22,2,1,3
BRDA:32,3,0,2
BRDA:32,3,1,3
BRF:8
BRH:6
end_of_record
TN:
SF:components/product-list/ProductListing.js
FN:8,(anonymous_0)
FN:16,(anonymous_1)
FNF:2
FNH:2
FNDA:2,(anonymous_0)
FNDA:2,(anonymous_1)
DA:6,2
DA:8,2
DA:9,2
DA:17,2
DA:18,2
DA:19,2
LF:6
LH:6
BRDA:12,0,0,1
BRDA:12,0,1,1
BRDA:17,1,0,2
BRDA:17,1,1,0
BRF:4
BRH:3
end_of_record
TN:
SF:components/product-list/ProductListingItem.js
FN:11,(anonymous_0)
FNF:1
FNH:1
FNDA:6,(anonymous_0)
DA:4,2
DA:7,2
DA:11,2
DA:12,6
LF:4
LH:4
BRDA:23,0,0,2
BRDA:23,0,1,4
BRF:2
BRH:2
end_of_record
TN:
SF:components/shared/Footer.js
FN:1,(anonymous_0)
FNF:1
FNH:0
FNDA:0,(anonymous_0)
DA:2,0
LF:1
LH:0
BRF:0
BRH:0
end_of_record
TN:
SF:components/shared/HamburgerButton.js
FN:1,(anonymous_0)
FNF:1
FNH:0
FNDA:0,(anonymous_0)
DA:2,0
LF:1
LH:0
BRF:0
BRH:0
end_of_record
TN:
SF:components/shared/Header.js
FN:4,(anonymous_0)
FNF:1
FNH:0
FNDA:0,(anonymous_0)
DA:4,0
DA:5,0
LF:2
LH:0
BRF:0
BRH:0
end_of_record
TN:
SF:components/shared/Logo.js
FN:3,(anonymous_0)
FNF:1
FNH:0
FNDA:0,(anonymous_0)
DA:3,0
DA:4,0
LF:2
LH:0
BRF:0
BRH:0
end_of_record
TN:
SF:components/shared/LogoAndNav.js
FN:7,(anonymous_0)
FNF:1
FNH:0
FNDA:0,(anonymous_0)
DA:7,0
DA:8,0
DA:30,0
LF:3
LH:0
BRF:0
BRH:0
end_of_record
TN:
SF:components/shared/Nav.js
FN:3,(anonymous_0)
FNF:1
FNH:0
FNDA:0,(anonymous_0)
DA:3,0
DA:4,0
LF:2
LH:0
BRF:0
BRH:0
end_of_record
TN:
SF:components/shared/Page.js
FN:13,(anonymous_0)
FN:15,(anonymous_1)
FN:16,(anonymous_2)
FN:23,(anonymous_3)
FN:24,(anonymous_4)
FN:40,(anonymous_5)
FN:42,(anonymous_6)
FN:43,(anonymous_7)
FN:44,(anonymous_8)
FN:52,(anonymous_9)
FN:84,(anonymous_10)
FN:87,(anonymous_11)
FNF:12
FNH:0
FNDA:0,(anonymous_0)
FNDA:0,(anonymous_1)
FNDA:0,(anonymous_2)
FNDA:0,(anonymous_3)
FNDA:0,(anonymous_4)
FNDA:0,(anonymous_5)
FNDA:0,(anonymous_6)
FNDA:0,(anonymous_7)
FNDA:0,(anonymous_8)
FNDA:0,(anonymous_9)
FNDA:0,(anonymous_10)
FNDA:0,(anonymous_11)
DA:14,0
DA:15,0
DA:16,0
DA:23,0
DA:24,0
DA:31,0
DA:41,0
DA:42,0
DA:44,0
DA:53,0
DA:54,0
DA:83,0
DA:84,0
DA:87,0
DA:91,0
LF:15
LH:0
BRF:0
BRH:0
end_of_record
TN:
SF:components/shared/PageBlank.js
FN:12,(anonymous_0)
FN:14,(anonymous_1)
FN:15,(anonymous_2)
FN:22,(anonymous_3)
FN:23,(anonymous_4)
FN:39,(anonymous_5)
FN:41,(anonymous_6)
FN:42,(anonymous_7)
FN:43,(anonymous_8)
FN:51,(anonymous_9)
FN:83,(anonymous_10)
FN:86,(anonymous_11)
FNF:12
FNH:0
FNDA:0,(anonymous_0)
FNDA:0,(anonymous_1)
FNDA:0,(anonymous_2)
FNDA:0,(anonymous_3)
FNDA:0,(anonymous_4)
FNDA:0,(anonymous_5)
FNDA:0,(anonymous_6)
FNDA:0,(anonymous_7)
FNDA:0,(anonymous_8)
FNDA:0,(anonymous_9)
FNDA:0,(anonymous_10)
FNDA:0,(anonymous_11)
DA:13,0
DA:14,0
DA:15,0
DA:22,0
DA:23,0
DA:30,0
DA:40,0
DA:41,0
DA:43,0
DA:52,0
DA:53,0
DA:54,0
DA:82,0
DA:83,0
DA:86,0
DA:90,0
LF:16
LH:0
BRF:0
BRH:0
end_of_record
TN:
SF:components/shared/TopBar.js
FN:6,(anonymous_0)
FN:8,(anonymous_1)
FNF:2
FNH:0
FNDA:0,(anonymous_0)
FNDA:0,(anonymous_1)
DA:6,0
DA:7,0
DA:9,0
DA:46,0
LF:4
LH:0
BRF:0
BRH:0
end_of_record
TN:
SF:components/shared/page-context.js
FN:4,(anonymous_0)
FNF:1
FNH:0
FNDA:0,(anonymous_0)
DA:2,0
LF:1
LH:0
BRF:0
BRH:0
end_of_record
TN:
SF:components/styles/CartStyles.js
FN:20,(anonymous_0)
FN:26,(anonymous_1)
FNF:2
FNH:0
FNDA:0,(anonymous_0)
FNDA:0,(anonymous_1)
DA:3,0
DA:20,0
DA:26,0
LF:3
LH:0
BRDA:20,0,0,0
BRDA:20,0,1,0
BRF:2
BRH:0
end_of_record
TN:
SF:components/styles/CloseButton.js
FN:12,(anonymous_0)
FNF:1
FNH:0
FNDA:0,(anonymous_0)
DA:12,0
DA:13,0
LF:2
LH:0
BRF:0
BRH:0
end_of_record
TN:
SF:components/styles/globalStyle.js
FNF:0
FNH:0
DA:3,0
DA:14,0
LF:2
LH:0
BRF:0
BRH:0
end_of_record
TN:
SF:config/jest/cssTransform.js
FN:2,(anonymous_0)
FN:5,(anonymous_1)
FNF:2
FNH:0
FNDA:0,(anonymous_0)
FNDA:0,(anonymous_1)
DA:1,0
DA:3,0
DA:6,0
LF:3
LH:0
BRF:0
BRH:0
end_of_record
TN:
SF:coverage/lcov-report/block-navigation.js
FN:2,init
FN:24,toggleClass
FN:31,makeCurrent
FN:41,goToPrevious
FN:52,goToNext
FN:65,jump
FNF:6
FNH:0
FNDA:0,init
FNDA:0,toggleClass
FNDA:0,makeCurrent
FNDA:0,goToPrevious
FNDA:0,goToNext
FNDA:0,jump
DA:2,0
DA:4,0
DA:7,0
DA:10,0
DA:14,0
DA:20,0
DA:25,0
DA:28,0
DA:32,0
DA:33,0
DA:34,0
DA:42,0
DA:43,0
DA:44,0
DA:45,0
DA:46,0
DA:49,0
DA:53,0
DA:55,0
DA:59,0
DA:62,0
DA:65,0
DA:66,0
DA:69,0
DA:70,0
DA:74,0
DA:75,0
DA:79,0
LF:28
LH:0
BRDA:43,0,0,0
BRDA:43,0,1,0
BRDA:43,1,0,0
BRDA:43,1,1,0
BRDA:45,2,0,0
BRDA:45,2,1,0
BRDA:55,3,0,0
BRDA:55,3,1,0
BRDA:56,4,0,0
BRDA:56,4,1,0
BRDA:66,5,0,0
BRDA:66,5,1,0
BRDA:66,5,2,0
BRDA:66,5,3,0
BRDA:66,5,4,0
BRF:15
BRH:0
end_of_record
TN:
SF:coverage/lcov-report/prettify.js
FN:2,(anonymous_0)
FN:2,k
FN:2,ab
FN:2,T
FN:2,X
FN:2,(anonymous_5)
FN:2,W
FN:2,(anonymous_7)
FN:2,a
FN:2,aa
FN:2,B
FN:2,o
FN:2,g
FN:2,(anonymous_13)
FN:2,(anonymous_14)
FN:2,i
FN:2,Q
FN:2,ae
FN:2,ad
FN:2,ai
FN:2,D
FN:2,c
FN:2,q
FN:2,d
FN:2,y
FN:2,b
FN:2,Y
FN:2,(anonymous_27)
FN:2,U
FNF:29
FNH:0
FNDA:0,(anonymous_0)
FNDA:0,k
FNDA:0,ab
FNDA:0,T
FNDA:0,X
FNDA:0,(anonymous_5)
FNDA:0,W
FNDA:0,(anonymous_7)
FNDA:0,a
FNDA:0,aa
FNDA:0,B
FNDA:0,o
FNDA:0,g
FNDA:0,(anonymous_13)
FNDA:0,(anonymous_14)
FNDA:0,i
FNDA:0,Q
FNDA:0,ae
FNDA:0,ad
FNDA:0,ai
FNDA:0,D
FNDA:0,c
FNDA:0,q
FNDA:0,d
FNDA:0,y
FNDA:0,b
FNDA:0,Y
FNDA:0,(anonymous_27)
FNDA:0,U
DA:2,0
LF:1
LH:0
BRDA:2,0,0,0
BRDA:2,0,1,0
BRDA:2,1,0,0
BRDA:2,1,1,0
BRDA:2,2,0,0
BRDA:2,2,1,0
BRDA:2,3,0,0
BRDA:2,3,1,0
BRDA:2,4,0,0
BRDA:2,4,1,0
BRDA:2,5,0,0
BRDA:2,5,1,0
BRDA:2,6,0,0
BRDA:2,6,1,0
BRDA:2,7,0,0
BRDA:2,7,1,0
BRDA:2,8,0,0
BRDA:2,8,1,0
BRDA:2,9,0,0
BRDA:2,9,1,0
BRDA:2,10,0,0
BRDA:2,10,1,0
BRDA:2,11,0,0
BRDA:2,11,1,0
BRDA:2,11,2,0
BRDA:2,11,3,0
BRDA:2,12,0,0
BRDA:2,12,1,0
BRDA:2,13,0,0
BRDA:2,13,1,0
BRDA:2,14,0,0
BRDA:2,14,1,0
BRDA:2,15,0,0
BRDA:2,15,1,0
BRDA:2,16,0,0
BRDA:2,16,1,0
BRDA:2,17,0,0
BRDA:2,17,1,0
BRDA:2,18,0,0
BRDA:2,18,1,0
BRDA:2,19,0,0
BRDA:2,19,1,0
BRDA:2,20,0,0
BRDA:2,20,1,0
BRDA:2,21,0,0
BRDA:2,21,1,0
BRDA:2,22,0,0
BRDA:2,22,1,0
BRDA:2,23,0,0
BRDA:2,23,1,0
BRDA:2,24,0,0
BRDA:2,24,1,0
BRDA:2,25,0,0
BRDA:2,25,1,0
BRDA:2,26,0,0
BRDA:2,26,1,0
BRDA:2,27,0,0
BRDA:2,27,1,0
BRDA:2,28,0,0
BRDA:2,28,1,0
BRDA:2,29,0,0
BRDA:2,29,1,0
BRDA:2,30,0,0
BRDA:2,30,1,0
BRDA:2,31,0,0
BRDA:2,31,1,0
BRDA:2,32,0,0
BRDA:2,32,1,0
BRDA:2,33,0,0
BRDA:2,33,1,0
BRDA:2,34,0,0
BRDA:2,34,1,0
BRDA:2,35,0,0
BRDA:2,35,1,0
BRDA:2,36,0,0
BRDA:2,36,1,0
BRDA:2,37,0,0
BRDA:2,37,1,0
BRDA:2,38,0,0
BRDA:2,38,1,0
BRDA:2,39,0,0
BRDA:2,39,1,0
BRDA:2,40,0,0
BRDA:2,40,1,0
BRDA:2,41,0,0
BRDA:2,41,1,0
BRDA:2,42,0,0
BRDA:2,42,1,0
BRDA:2,43,0,0
BRDA:2,43,1,0
BRDA:2,44,0,0
BRDA:2,44,1,0
BRDA:2,45,0,0
BRDA:2,45,1,0
BRDA:2,46,0,0
BRDA:2,46,1,0
BRDA:2,47,0,0
BRDA:2,47,1,0
BRDA:2,48,0,0
BRDA:2,48,1,0
BRDA:2,49,0,0
BRDA:2,49,1,0
BRDA:2,50,0,0
BRDA:2,50,1,0
BRDA:2,50,2,0
BRDA:2,51,0,0
BRDA:2,51,1,0
BRDA:2,52,0,0
BRDA:2,52,1,0
BRDA:2,53,0,0
BRDA:2,53,1,0
BRDA:2,54,0,0
BRDA:2,54,1,0
BRDA:2,55,0,0
BRDA:2,55,1,0
BRDA:2,56,0,0
BRDA:2,56,1,0
BRDA:2,57,0,0
BRDA:2,57,1,0
BRDA:2,58,0,0
BRDA:2,58,1,0
BRDA:2,59,0,0
BRDA:2,59,1,0
BRDA:2,60,0,0
BRDA:2,60,1,0
BRDA:2,61,0,0
BRDA:2,61,1,0
BRDA:2,62,0,0
BRDA:2,62,1,0
BRDA:2,63,0,0
BRDA:2,63,1,0
BRDA:2,64,0,0
BRDA:2,64,1,0
BRDA:2,65,0,0
BRDA:2,65,1,0
BRDA:2,66,0,0
BRDA:2,66,1,0
BRDA:2,67,0,0
BRDA:2,67,1,0
BRDA:2,68,0,0
BRDA:2,68,1,0
BRDA:2,69,0,0
BRDA:2,69,1,0
BRDA:2,70,0,0
BRDA:2,70,1,0
BRDA:2,71,0,0
BRDA:2,71,1,0
BRDA:2,72,0,0
BRDA:2,72,1,0
BRDA:2,73,0,0
BRDA:2,73,1,0
BRDA:2,74,0,0
BRDA:2,74,1,0
BRDA:2,75,0,0
BRDA:2,75,1,0
BRDA:2,76,0,0
BRDA:2,76,1,0
BRDA:2,77,0,0
BRDA:2,77,1,0
BRDA:2,78,0,0
BRDA:2,78,1,0
BRDA:2,79,0,0
BRDA:2,79,1,0
BRDA:2,80,0,0
BRDA:2,80,1,0
BRDA:2,81,0,0
BRDA:2,81,1,0
BRDA:2,82,0,0
BRDA:2,82,1,0
BRDA:2,83,0,0
BRDA:2,83,1,0
BRDA:2,84,0,0
BRDA:2,84,1,0
BRDA:2,85,0,0
BRDA:2,85,1,0
BRDA:2,86,0,0
BRDA:2,86,1,0
BRDA:2,87,0,0
BRDA:2,87,1,0
BRDA:2,88,0,0
BRDA:2,88,1,0
BRDA:2,89,0,0
BRDA:2,89,1,0
BRDA:2,89,2,0
BRDA:2,90,0,0
BRDA:2,90,1,0
BRDA:2,91,0,0
BRDA:2,91,1,0
BRDA:2,92,0,0
BRDA:2,92,1,0
BRDA:2,93,0,0
BRDA:2,93,1,0
BRDA:2,94,0,0
BRDA:2,94,1,0
BRDA:2,95,0,0
BRDA:2,95,1,0
BRDA:2,96,0,0
BRDA:2,96,1,0
BRDA:2,97,0,0
BRDA:2,97,1,0
BRDA:2,98,0,0
BRDA:2,98,1,0
BRDA:2,99,0,0
BRDA:2,99,1,0
BRDA:2,100,0,0
BRDA:2,100,1,0
BRDA:2,101,0,0
BRDA:2,101,1,0
BRDA:2,102,0,0
BRDA:2,102,1,0
BRDA:2,103,0,0
BRDA:2,103,1,0
BRDA:2,104,0,0
BRDA:2,104,1,0
BRDA:2,105,0,0
BRDA:2,105,1,0
BRDA:2,106,0,0
BRDA:2,106,1,0
BRDA:2,107,0,0
BRDA:2,107,1,0
BRDA:2,108,0,0
BRDA:2,108,1,0
BRDA:2,109,0,0
BRDA:2,109,1,0
BRDA:2,110,0,0
BRDA:2,110,1,0
BRDA:2,111,0,0
BRDA:2,111,1,0
BRDA:2,112,0,0
BRDA:2,112,1,0
BRDA:2,113,0,0
BRDA:2,113,1,0
BRDA:2,114,0,0
BRDA:2,114,1,0
BRDA:2,115,0,0
BRDA:2,115,1,0
BRDA:2,116,0,0
BRDA:2,116,1,0
BRDA:2,117,0,0
BRDA:2,117,1,0
BRDA:2,118,0,0
BRDA:2,118,1,0
BRDA:2,119,0,0
BRDA:2,119,1,0
BRDA:2,120,0,0
BRDA:2,120,1,0
BRDA:2,121,0,0
BRDA:2,121,1,0
BRDA:2,122,0,0
BRDA:2,122,1,0
BRDA:2,123,0,0
BRDA:2,123,1,0
BRDA:2,124,0,0
BRDA:2,124,1,0
BRDA:2,125,0,0
BRDA:2,125,1,0
BRDA:2,126,0,0
BRDA:2,126,1,0
BRDA:2,127,0,0
BRDA:2,127,1,0
BRDA:2,128,0,0
BRDA:2,128,1,0
BRDA:2,128,2,0
BRDA:2,129,0,0
BRDA:2,129,1,0
BRDA:2,130,0,0
BRDA:2,130,1,0
BRDA:2,131,0,0
BRDA:2,131,1,0
BRDA:2,131,2,0
BRDA:2,131,3,0
BRDA:2,131,4,0
BRDA:2,132,0,0
BRDA:2,132,1,0
BRDA:2,133,0,0
BRDA:2,133,1,0
BRDA:2,134,0,0
BRDA:2,134,1,0
BRDA:2,135,0,0
BRDA:2,135,1,0
BRDA:2,136,0,0
BRDA:2,136,1,0
BRDA:2,137,0,0
BRDA:2,137,1,0
BRDA:2,138,0,0
BRDA:2,138,1,0
BRF:286
BRH:0
end_of_record
TN:
SF:coverage/lcov-report/sorter.js
FN:2,(anonymous_0)
FN:11,getTable
FN:15,getTableHeader
FN:19,getTableBody
FN:23,getNthColumn
FN:28,loadColumns
FN:53,loadRowData
FN:72,loadData
FN:81,sortByIndex
FN:83,(anonymous_9)
FN:95,(anonymous_10)
FN:112,removeSortIndicators
FN:120,addSortIndicators
FN:126,enableUI
FN:129,ithSorter
FN:132,(anonymous_15)
FN:159,(anonymous_16)
FNF:17
FNH:0
FNDA:0,(anonymous_0)
FNDA:0,getTable
FNDA:0,getTableHeader
FNDA:0,getTableBody
FNDA:0,getNthColumn
FNDA:0,loadColumns
FNDA:0,loadRowData
FNDA:0,loadData
FNDA:0,sortByIndex
FNDA:0,(anonymous_9)
FNDA:0,(anonymous_10)
FNDA:0,removeSortIndicators
FNDA:0,addSortIndicators
FNDA:0,enableUI
FNDA:0,ithSorter
FNDA:0,(anonymous_15)
FNDA:0,(anonymous_16)
DA:2,0
DA:5,0
DA:12,0
DA:16,0
DA:20,0
DA:24,0
DA:29,0
DA:31,0
DA:35,0
DA:36,0
DA:37,0
DA:42,0
DA:43,0
DA:44,0
DA:45,0
DA:49,0
DA:54,0
DA:57,0
DA:60,0
DA:61,0
DA:62,0
DA:63,0
DA:64,0
DA:65,0
DA:67,0
DA:69,0
DA:73,0
DA:76,0
DA:77,0
DA:82,0
DA:83,0
DA:84,0
DA:85,0
DA:86,0
DA:88,0
DA:89,0
DA:90,0
DA:91,0
DA:94,0
DA:95,0
DA:96,0
DA:100,0
DA:101,0
DA:102,0
DA:105,0
DA:107,0
DA:108,0
DA:113,0
DA:114,0
DA:116,0
DA:117,0
DA:121,0
DA:129,0
DA:130,0
DA:132,0
DA:133,0
DA:135,0
DA:136,0
DA:138,0
DA:139,0
DA:140,0
DA:141,0
DA:142,0
DA:145,0
DA:146,0
DA:149,0
DA:150,0
DA:151,0
DA:153,0
DA:159,0
DA:160,0
DA:161,0
DA:163,0
DA:164,0
DA:165,0
DA:166,0
DA:170,0
LF:77
LH:0
BRDA:40,0,0,0
BRDA:40,0,1,0
BRDA:43,1,0,0
BRDA:43,1,1,0
BRDA:64,2,0,0
BRDA:64,2,1,0
BRDA:86,3,0,0
BRDA:86,3,1,0
BRDA:86,4,0,0
BRDA:86,4,1,0
BRDA:94,5,0,0
BRDA:94,5,1,0
BRDA:121,6,0,0
BRDA:121,6,1,0
BRDA:135,7,0,0
BRDA:135,7,1,0
BRDA:146,8,0,0
BRDA:146,8,1,0
BRDA:150,9,0,0
BRDA:150,9,1,0
BRDA:160,10,0,0
BRDA:160,10,1,0
BRF:22
BRH:0
end_of_record
TN:
SF:pages/_app.js
FN:10,MyApp
FNF:1
FNH:0
FNDA:0,MyApp
DA:8,0
DA:11,0
DA:12,0
LF:3
LH:0
BRDA:11,0,0,0
BRDA:11,0,1,0
BRF:2
BRH:0
end_of_record
TN:
SF:pages/_document.js
FN:5,(anonymous_0)
FN:10,(anonymous_1)
FN:12,(anonymous_2)
FN:12,(anonymous_3)
FNF:4
FNH:0
FNDA:0,(anonymous_0)
FNDA:0,(anonymous_1)
FNDA:0,(anonymous_2)
FNDA:0,(anonymous_3)
DA:6,0
DA:7,0
DA:9,0
DA:10,0
DA:11,0
DA:12,0
DA:15,0
DA:16,0
DA:26,0
LF:9
LH:0
BRF:0
BRH:0
end_of_record
TN:
SF:pages/categories.js
FN:3,(anonymous_0)
FN:8,getStaticProps
FNF:2
FNH:0
FNDA:0,(anonymous_0)
FNDA:0,getStaticProps
DA:3,0
DA:4,0
DA:9,0
DA:10,0
DA:11,0
DA:12,0
LF:6
LH:0
BRF:0
BRH:0
end_of_record
TN:
SF:pages/checkout.js
FN:4,(anonymous_0)
FNF:1
FNH:0
FNDA:0,(anonymous_0)
DA:4,0
DA:5,0
DA:7,0
LF:3
LH:0
BRF:0
BRH:0
end_of_record
TN:
SF:pages/index.js
FN:3,(anonymous_0)
FNF:1
FNH:1
FNDA:1,(anonymous_0)
DA:3,1
DA:4,1
LF:2
LH:2
BRF:0
BRH:0
end_of_record
TN:
SF:pages/products.js
FN:6,(anonymous_0)
FN:10,(anonymous_1)
FNF:2
FNH:0
FNDA:0,(anonymous_0)
FNDA:0,(anonymous_1)
DA:6,0
DA:7,0
DA:10,0
DA:13,0
DA:16,0
DA:17,0
DA:19,0
DA:20,0
DA:24,0
LF:9
LH:0
BRDA:17,0,0,0
BRDA:17,0,1,0
BRF:2
BRH:0
end_of_record
TN:
SF:pages/api/products.js
FN:5,handle
FNF:1
FNH:0
FNDA:0,handle
DA:3,0
DA:6,0
DA:7,0
LF:3
LH:0
BRF:0
BRH:0
end_of_record
TN:
SF:pages/api/checkout/cart.js
FN:6,(anonymous_0)
FNF:1
FNH:0
FNDA:0,(anonymous_0)
DA:4,0
DA:6,0
DA:7,0
DA:11,0
DA:12,0
DA:15,0
DA:27,0
LF:7
LH:0
BRDA:7,0,0,0
BRDA:7,0,1,0
BRDA:11,1,0,0
BRDA:11,1,1,0
BRF:4
BRH:0
end_of_record
TN:
SF:pages/api/checkout/cart/add.js
FN:10,(anonymous_0)
FNF:1
FNH:0
FNDA:0,(anonymous_0)
DA:7,0
DA:8,0
DA:10,0
DA:11,0
DA:14,0
DA:15,0
DA:16,0
DA:19,0
DA:25,0
DA:26,0
DA:37,0
DA:38,0
DA:41,0
DA:50,0
DA:52,0
DA:72,0
DA:73,0
DA:82,0
DA:97,0
LF:19
LH:0
BRDA:11,0,0,0
BRDA:11,0,1,0
BRDA:14,1,0,0
BRDA:14,1,1,0
BRDA:25,2,0,0
BRDA:25,2,1,0
BRDA:50,3,0,0
BRDA:50,3,1,0
BRF:8
BRH:0
end_of_record
TN:
SF:pages/api/checkout/cart/delete/[id].js
FN:6,(anonymous_0)
FNF:1
FNH:0
FNDA:0,(anonymous_0)
DA:4,0
DA:6,0
DA:7,0
DA:8,0
DA:15,0
DA:21,0
DA:22,0
DA:23,0
DA:38,0
LF:9
LH:0
BRDA:34,0,0,0
BRDA:34,0,1,0
BRF:2
BRH:0
end_of_record
TN:
SF:pages/api/products/[id].js
FN:5,handle
FNF:1
FNH:0
FNDA:0,handle
DA:3,0
DA:10,0
DA:11,0
DA:12,0
LF:4
LH:0
BRF:0
BRH:0
end_of_record
TN:
SF:pages/categories/[id].js
FN:6,CategoryPage
FN:10,(anonymous_1)
FNF:2
FNH:0
FNDA:0,CategoryPage
FNDA:0,(anonymous_1)
DA:7,0
DA:10,0
DA:13,0
DA:16,0
DA:17,0
DA:19,0
DA:20,0
DA:25,0
DA:37,0
LF:9
LH:0
BRDA:17,0,0,0
BRDA:17,0,1,0
BRF:2
BRH:0
end_of_record
TN:
SF:pages/products/[id].js
FN:6,(anonymous_0)
FN:14,(anonymous_1)
FN:15,(anonymous_2)
FN:20,(anonymous_3)
FN:22,(anonymous_4)
FN:34,(anonymous_5)
FNF:6
FNH:0
FNDA:0,(anonymous_0)
FNDA:0,(anonymous_1)
FNDA:0,(anonymous_2)
FNDA:0,(anonymous_3)
FNDA:0,(anonymous_4)
FNDA:0,(anonymous_5)
DA:6,0
DA:7,0
DA:14,0
DA:16,0
DA:20,0
DA:21,0
DA:23,0
DA:34,0
DA:35,0
DA:36,0
DA:37,0
DA:50,0
LF:12
LH:0
BRF:0
BRH:0
end_of_record
TN:
SF:utils/global.js
FNF:0
FNH:0
DA:1,3
LF:1
LH:1
BRF:0
BRH:0
end_of_record
TN:
SF:utils/middleware/appcontext.js
FN:6,(anonymous_0)
FN:12,(anonymous_1)
FN:17,(anonymous_2)
FN:17,(anonymous_3)
FNF:4
FNH:0
FNDA:0,(anonymous_0)
FNDA:0,(anonymous_1)
FNDA:0,(anonymous_2)
FNDA:0,(anonymous_3)
DA:4,0
DA:5,0
DA:6,0
DA:7,0
DA:8,0
DA:9,0
DA:12,0
DA:13,0
DA:14,0
DA:17,0
DA:18,0
DA:19,0
DA:20,0
DA:24,0
DA:25,0
DA:26,0
LF:16
LH:0
BRDA:19,0,0,0
BRDA:19,0,1,0
BRF:2
BRH:0
end_of_record
